#-----------------------------------------------------------
# Webtalk v2018.3 (64-bit)
# SW Build 2405991 on Thu Dec  6 23:38:27 MST 2018
# 
# Start of session at: Mon May 25 15:47:17 2020
# Process ID: 163856
# Current directory: H:/Desktop/PYNQ/Zynq/VIP/ov7725/cap_ov7725_16bit/cap_ov7725_16bit.sdk/webtalk
# Command line: wbtcv.exe -mode batch -source sdk_webtalk.tcl
# Log file: H:/Desktop/PYNQ/Zynq/VIP/ov7725/cap_ov7725_16bit/cap_ov7725_16bit.sdk/webtalk/webtalk.log
# Journal file: H:/Desktop/PYNQ/Zynq/VIP/ov7725/cap_ov7725_16bit/cap_ov7725_16bit.sdk/webtalk\webtalk.jou
#-----------------------------------------------------------
source sdk_webtalk.tcl
# webtalk_init -webtalk_dir H:\\Desktop\\PYNQ\\Zynq\\VIP\\ov7725\\cap_ov7725_16bit\\cap_ov7725_16bit.sdk\\webtalk
# webtalk_register_client -client project
# webtalk_add_data -client project -key date_generated -value "2020-05-25 15:47:07" -context "software_version_and_target_device"
# webtalk_add_data -client project -key product_version -value "SDK v2018.3" -context "software_version_and_target_device"
# webtalk_add_data -client project -key build_version -value "2018.3" -context "software_version_and_target_device"
# webtalk_add_data -client project -key os_platform -value "amd64" -context "software_version_and_target_device"
# webtalk_add_data -client project -key registration_id -value "" -context "software_version_and_target_device"
# webtalk_add_data -client project -key tool_flow -value "SDK" -context "software_version_and_target_device"
# webtalk_add_data -client project -key beta -value "false" -context "software_version_and_target_device"
# webtalk_add_data -client project -key route_design -value "NA" -context "software_version_and_target_device"
# webtalk_add_data -client project -key target_family -value "NA" -context "software_version_and_target_device"
# webtalk_add_data -client project -key target_device -value "NA" -context "software_version_and_target_device"
# webtalk_add_data -client project -key target_package -value "NA" -context "software_version_and_target_device"
# webtalk_add_data -client project -key target_speed -value "NA" -context "software_version_and_target_device"
# webtalk_add_data -client project -key random_id -value "milstkqptjn2uc5rtuu56it377" -context "software_version_and_target_device"
# webtalk_add_data -client project -key project_id -value "2018.3_59" -context "software_version_and_target_device"
# webtalk_add_data -client project -key project_iteration -value "59" -context "software_version_and_target_device"
# webtalk_add_data -client project -key os_name -value "Microsoft Windows 8 or later , 64-bit" -context "user_environment"
# webtalk_add_data -client project -key os_release -value "major release  (build 9200)" -context "user_environment"
# webtalk_add_data -client project -key cpu_name -value "Intel(R) Core(TM) i5-4200H CPU @ 2.80GHz" -context "user_environment"
# webtalk_add_data -client project -key cpu_speed -value "2794 MHz" -context "user_environment"
# webtalk_add_data -client project -key total_processors -value "1" -context "user_environment"
# webtalk_add_data -client project -key system_ram -value "12.769 GB" -context "user_environment"
# webtalk_register_client -client sdk
# webtalk_add_data -client sdk -key uid -value "1590386960985" -context "sdk\\\\hardware/1590386960985"
# webtalk_add_data -client sdk -key isZynq -value "true" -context "sdk\\\\hardware/1590386960985"
# webtalk_add_data -client sdk -key isZynqMP -value "false" -context "sdk\\\\hardware/1590386960985"
# webtalk_add_data -client sdk -key Processors -value "2" -context "sdk\\\\hardware/1590386960985"
# webtalk_add_data -client sdk -key VivadoVersion -value "2018.3" -context "sdk\\\\hardware/1590386960985"
# webtalk_add_data -client sdk -key Arch -value "zynq" -context "sdk\\\\hardware/1590386960985"
# webtalk_add_data -client sdk -key Device -value "7z020" -context "sdk\\\\hardware/1590386960985"
# webtalk_add_data -client sdk -key IsHandoff -value "true" -context "sdk\\\\hardware/1590386960985"
# webtalk_add_data -client sdk -key os -value "NA" -context "sdk\\\\hardware/1590386960985"
# webtalk_add_data -client sdk -key apptemplate -value "NA" -context "sdk\\\\hardware/1590386960985"
# webtalk_add_data -client sdk -key RecordType -value "HWCreation" -context "sdk\\\\hardware/1590386960985"
# webtalk_add_data -client sdk -key uid -value "1590387052019" -context "sdk\\\\bsp/1590387052019"
# webtalk_add_data -client sdk -key hwid -value "1590386960985" -context "sdk\\\\bsp/1590387052019"
# webtalk_add_data -client sdk -key os -value "standalone" -context "sdk\\\\bsp/1590387052019"
# webtalk_add_data -client sdk -key apptemplate -value "empty_application" -context "sdk\\\\bsp/1590387052019"
# webtalk_add_data -client sdk -key RecordType -value "BSPCreation" -context "sdk\\\\bsp/1590387052019"
# webtalk_add_data -client sdk -key uid -value "1590387060176" -context "sdk\\\\application/1590387060176"
# webtalk_add_data -client sdk -key hwid -value "1590386960985" -context "sdk\\\\application/1590387060176"
# webtalk_add_data -client sdk -key bspid -value "1590387052019" -context "sdk\\\\application/1590387060176"
# webtalk_add_data -client sdk -key newbsp -value "true" -context "sdk\\\\application/1590387060176"
# webtalk_add_data -client sdk -key os -value "standalone" -context "sdk\\\\application/1590387060176"
# webtalk_add_data -client sdk -key apptemplate -value "empty_application" -context "sdk\\\\application/1590387060176"
# webtalk_add_data -client sdk -key RecordType -value "APPCreation" -context "sdk\\\\application/1590387060176"
# webtalk_add_data -client sdk -key LangUsed -value "C" -context "sdk\\\\application/1590387060176"
# webtalk_add_data -client sdk -key Procused -value "ps7_cortexa9" -context "sdk\\\\application/1590387060176"
# webtalk_add_data -client sdk -key projSize -value "466.46484375" -context "sdk\\\\application/1590387060176"
# webtalk_add_data -client sdk -key uid -value "1590387254153" -context "sdk\\\\bsp/1590387254153"
# webtalk_add_data -client sdk -key hwid -value "1590386960985" -context "sdk\\\\bsp/1590387254153"
# webtalk_add_data -client sdk -key os -value "standalone" -context "sdk\\\\bsp/1590387254153"
# webtalk_add_data -client sdk -key apptemplate -value "empty_application" -context "sdk\\\\bsp/1590387254153"
# webtalk_add_data -client sdk -key RecordType -value "BSPCreation" -context "sdk\\\\bsp/1590387254153"
# webtalk_add_data -client sdk -key uid -value "1590387256513" -context "sdk\\\\application/1590387256513"
# webtalk_add_data -client sdk -key hwid -value "1590386960985" -context "sdk\\\\application/1590387256513"
# webtalk_add_data -client sdk -key bspid -value "1590387254153" -context "sdk\\\\application/1590387256513"
# webtalk_add_data -client sdk -key newbsp -value "true" -context "sdk\\\\application/1590387256513"
# webtalk_add_data -client sdk -key os -value "standalone" -context "sdk\\\\application/1590387256513"
# webtalk_add_data -client sdk -key apptemplate -value "empty_application" -context "sdk\\\\application/1590387256513"
# webtalk_add_data -client sdk -key RecordType -value "APPCreation" -context "sdk\\\\application/1590387256513"
# webtalk_add_data -client sdk -key LangUsed -value "C" -context "sdk\\\\application/1590387256513"
# webtalk_add_data -client sdk -key Procused -value "ps7_cortexa9" -context "sdk\\\\application/1590387256513"
# webtalk_add_data -client sdk -key projSize -value "547.52734375" -context "sdk\\\\application/1590387256513"
# webtalk_add_data -client sdk -key uid -value "NA" -context "sdk\\\\bsp/1590392827794"
# webtalk_add_data -client sdk -key RecordType -value "ToolUsage" -context "sdk\\\\bsp/1590392827794"
# webtalk_add_data -client sdk -key BootgenCount -value "0" -context "sdk\\\\bsp/1590392827794"
# webtalk_add_data -client sdk -key DebugCount -value "0" -context "sdk\\\\bsp/1590392827794"
# webtalk_add_data -client sdk -key PerfCount -value "0" -context "sdk\\\\bsp/1590392827794"
# webtalk_add_data -client sdk -key FlashCount -value "0" -context "sdk\\\\bsp/1590392827794"
# webtalk_add_data -client sdk -key CrossTriggCount -value "0" -context "sdk\\\\bsp/1590392827794"
# webtalk_add_data -client sdk -key QemuDebugCount -value "0" -context "sdk\\\\bsp/1590392827794"
# webtalk_transmit -clientid 4003624665 -regid "" -xml H:\\Desktop\\PYNQ\\Zynq\\VIP\\ov7725\\cap_ov7725_16bit\\cap_ov7725_16bit.sdk\\webtalk\\usage_statistics_ext_sdk.xml -html H:\\Desktop\\PYNQ\\Zynq\\VIP\\ov7725\\cap_ov7725_16bit\\cap_ov7725_16bit.sdk\\webtalk\\usage_statistics_ext_sdk.html -wdm H:\\Desktop\\PYNQ\\Zynq\\VIP\\ov7725\\cap_ov7725_16bit\\cap_ov7725_16bit.sdk\\webtalk\\sdk_webtalk.wdm -intro "<H3>SDK Usage Report</H3><BR>"
# webtalk_terminate
INFO: [Common 17-206] Exiting Webtalk at Mon May 25 15:47:20 2020...
